# JRE version: Java(TM) SE Runtime Environment (8.0_60-b27) (build 1.8.0_60-b27)
# Java VM: Java HotSpot(TM) 64-Bit Server VM (25.60-b23 mixed mode bsd-amd64 compressed oops)
Heap:
 PSYoungGen      total 141824K, used 45323K [0x000000076ab00000, 0x000000077c300000, 0x00000007c0000000)
  eden space 131072K, 34% used [0x000000076ab00000,0x000000076d742d38,0x0000000772b00000)
  from space 10752K, 0% used [0x0000000772b00000,0x0000000772b00000,0x0000000773580000)
  to   space 12288K, 0% used [0x000000077b700000,0x000000077b700000,0x000000077c300000)
 ParOldGen       total 79360K, used 10511K [0x00000006c0000000, 0x00000006c4d80000, 0x000000076ab00000)
  object space 79360K, 13% used [0x00000006c0000000,0x00000006c0a43fe8,0x00000006c4d80000)
 Metaspace       used 23241K, capacity 24224K, committed 24448K, reserved 1071104K
  class space    used 3134K, capacity 3365K, committed 3456K, reserved 1048576K
GC Heap History (10 events):
Event: 4.889 GC heap before
{Heap before GC invocations=2 (full 0):
 PSYoungGen      total 76288K, used 76162K [0x000000076ab00000, 0x0000000770000000, 0x00000007c0000000)
  eden space 65536K, 99% used [0x000000076ab00000,0x000000076eae6278,0x000000076eb00000)
  from space 10752K, 99% used [0x000000076eb00000,0x000000076f57a728,0x000000076f580000)
  to   space 10752K, 0% used [0x000000076f580000,0x000000076f580000,0x0000000770000000)
 ParOldGen       total 175104K, used 216K [0x00000006c0000000, 0x00000006cab00000, 0x000000076ab00000)
  object space 175104K, 0% used [0x00000006c0000000,0x00000006c0036010,0x00000006cab00000)
 Metaspace       used 18465K, capacity 19278K, committed 19584K, reserved 1067008K
  class space    used 2689K, capacity 2868K, committed 2944K, reserved 1048576K
Event: 4.895 GC heap after
Heap after GC invocations=2 (full 0):
 PSYoungGen      total 76288K, used 10693K [0x000000076ab00000, 0x0000000774000000, 0x00000007c0000000)
  eden space 65536K, 0% used [0x000000076ab00000,0x000000076ab00000,0x000000076eb00000)
  from space 10752K, 99% used [0x000000076f580000,0x000000076fff1520,0x0000000770000000)
  to   space 10752K, 0% used [0x000000076eb00000,0x000000076eb00000,0x000000076f580000)
 ParOldGen       total 175104K, used 224K [0x00000006c0000000, 0x00000006cab00000, 0x000000076ab00000)
  object space 175104K, 0% used [0x00000006c0000000,0x00000006c0038010,0x00000006cab00000)
 Metaspace       used 18465K, capacity 19278K, committed 19584K, reserved 1067008K
  class space    used 2689K, capacity 2868K, committed 2944K, reserved 1048576K
}
Event: 4.907 GC heap before
{Heap before GC invocations=3 (full 0):
 PSYoungGen      total 76288K, used 76218K [0x000000076ab00000, 0x0000000774000000, 0x00000007c0000000)
  eden space 65536K, 99% used [0x000000076ab00000,0x000000076eafd5e8,0x000000076eb00000)
  from space 10752K, 99% used [0x000000076f580000,0x000000076fff1520,0x0000000770000000)
  to   space 10752K, 0% used [0x000000076eb00000,0x000000076eb00000,0x000000076f580000)
 ParOldGen       total 175104K, used 224K [0x00000006c0000000, 0x00000006cab00000, 0x000000076ab00000)
  object space 175104K, 0% used [0x00000006c0000000,0x00000006c0038010,0x00000006cab00000)
 Metaspace       used 18465K, capacity 19278K, committed 19584K, reserved 1067008K
  class space    used 2689K, capacity 2868K, committed 2944K, reserved 1048576K
Event: 4.910 GC heap after
Heap after GC invocations=3 (full 0):
 PSYoungGen      total 76288K, used 10722K [0x000000076ab00000, 0x0000000774000000, 0x00000007c0000000)
  eden space 65536K, 0% used [0x000000076ab00000,0x000000076ab00000,0x000000076eb00000)
  from space 10752K, 99% used [0x000000076eb00000,0x000000076f578b20,0x000000076f580000)
  to   space 10752K, 0% used [0x0000000773580000,0x0000000773580000,0x0000000774000000)
 ParOldGen       total 175104K, used 344K [0x00000006c0000000, 0x00000006cab00000, 0x000000076ab00000)
  object space 175104K, 0% used [0x00000006c0000000,0x00000006c00561f8,0x00000006cab00000)
 Metaspace       used 18465K, capacity 19278K, committed 19584K, reserved 1067008K
  class space    used 2689K, capacity 2868K, committed 2944K, reserved 1048576K
}
Event: 4.918 GC heap before
{Heap before GC invocations=4 (full 0):
 PSYoungGen      total 76288K, used 76214K [0x000000076ab00000, 0x0000000774000000, 0x00000007c0000000)
  eden space 65536K, 99% used [0x000000076ab00000,0x000000076eaf5090,0x000000076eb00000)
  from space 10752K, 99% used [0x000000076eb00000,0x000000076f578b20,0x000000076f580000)
  to   space 10752K, 0% used [0x0000000773580000,0x0000000773580000,0x0000000774000000)
 ParOldGen       total 175104K, used 344K [0x00000006c0000000, 0x00000006cab00000, 0x000000076ab00000)
  object space 175104K, 0% used [0x00000006c0000000,0x00000006c00561f8,0x00000006cab00000)
 Metaspace       used 18465K, capacity 19278K, committed 19584K, reserved 1067008K
  class space    used 2689K, capacity 2868K, committed 2944K, reserved 1048576K
Event: 4.924 GC heap after
Heap after GC invocations=4 (full 0):
 PSYoungGen      total 141824K, used 10722K [0x000000076ab00000, 0x0000000774000000, 0x00000007c0000000)
  eden space 131072K, 0% used [0x000000076ab00000,0x000000076ab00000,0x0000000772b00000)
  from space 10752K, 99% used [0x0000000773580000,0x0000000773ff8858,0x0000000774000000)
  to   space 10752K, 0% used [0x0000000772b00000,0x0000000772b00000,0x0000000773580000)
 ParOldGen       total 175104K, used 418K [0x00000006c0000000, 0x00000006cab00000, 0x000000076ab00000)
  object space 175104K, 0% used [0x00000006c0000000,0x00000006c00688a8,0x00000006cab00000)
 Metaspace       used 18465K, capacity 19278K, committed 19584K, reserved 1067008K
  class space    used 2689K, capacity 2868K, committed 2944K, reserved 1048576K
}
Event: 8.647 GC heap before
{Heap before GC invocations=5 (full 0):
 PSYoungGen      total 141824K, used 95441K [0x000000076ab00000, 0x0000000774000000, 0x00000007c0000000)
  eden space 131072K, 64% used [0x000000076ab00000,0x000000076fdbbbd8,0x0000000772b00000)
  from space 10752K, 99% used [0x0000000773580000,0x0000000773ff8858,0x0000000774000000)
  to   space 10752K, 0% used [0x0000000772b00000,0x0000000772b00000,0x0000000773580000)
 ParOldGen       total 175104K, used 418K [0x00000006c0000000, 0x00000006cab00000, 0x000000076ab00000)
  object space 175104K, 0% used [0x00000006c0000000,0x00000006c00688a8,0x00000006cab00000)
 Metaspace       used 20290K, capacity 21178K, committed 21296K, reserved 1067008K
  class space    used 2890K, capacity 3114K, committed 3200K, reserved 1048576K
Event: 8.655 GC heap after
Heap after GC invocations=5 (full 0):
 PSYoungGen      total 141824K, used 10722K [0x000000076ab00000, 0x000000077c300000, 0x00000007c0000000)
  eden space 131072K, 0% used [0x000000076ab00000,0x000000076ab00000,0x0000000772b00000)
  from space 10752K, 99% used [0x0000000772b00000,0x0000000773578828,0x0000000773580000)
  to   space 12288K, 0% used [0x000000077b700000,0x000000077b700000,0x000000077c300000)
 ParOldGen       total 175104K, used 2038K [0x00000006c0000000, 0x00000006cab00000, 0x000000076ab00000)
  object space 175104K, 1% used [0x00000006c0000000,0x00000006c01fd8a0,0x00000006cab00000)
 Metaspace       used 20290K, capacity 21178K, committed 21296K, reserved 1067008K
  class space    used 2890K, capacity 3114K, committed 3200K, reserved 1048576K
}
Event: 8.655 GC heap before
{Heap before GC invocations=6 (full 1):
 PSYoungGen      total 141824K, used 10722K [0x000000076ab00000, 0x000000077c300000, 0x00000007c0000000)
  eden space 131072K, 0% used [0x000000076ab00000,0x000000076ab00000,0x0000000772b00000)
  from space 10752K, 99% used [0x0000000772b00000,0x0000000773578828,0x0000000773580000)
  to   space 12288K, 0% used [0x000000077b700000,0x000000077b700000,0x000000077c300000)
 ParOldGen       total 175104K, used 2038K [0x00000006c0000000, 0x00000006cab00000, 0x000000076ab00000)
  object space 175104K, 1% used [0x00000006c0000000,0x00000006c01fd8a0,0x00000006cab00000)
 Metaspace       used 20290K, capacity 21178K, committed 21296K, reserved 1067008K
  class space    used 2890K, capacity 3114K, committed 3200K, reserved 1048576K
Event: 8.686 GC heap after
Heap after GC invocations=6 (full 1):
 PSYoungGen      total 141824K, used 0K [0x000000076ab00000, 0x000000077c300000, 0x00000007c0000000)
  eden space 131072K, 0% used [0x000000076ab00000,0x000000076ab00000,0x0000000772b00000)
  from space 10752K, 0% used [0x0000000772b00000,0x0000000772b00000,0x0000000773580000)
  to   space 12288K, 0% used [0x000000077b700000,0x000000077b700000,0x000000077c300000)
 ParOldGen       total 79360K, used 10511K [0x00000006c0000000, 0x00000006c4d80000, 0x000000076ab00000)
  object space 79360K, 13% used [0x00000006c0000000,0x00000006c0a43fe8,0x00000006c4d80000)
 Metaspace       used 20290K, capacity 21178K, committed 21296K, reserved 1067008K
  class space    used 2890K, capacity 3114K, committed 3200K, reserved 1048576K
}

